<?xml version="1.0" encoding="UTF-8"?>
<!-- Generated by org.testng.reporters.JUnitReportReporter -->
<testsuite hostname="nadsoft-H81M-Gaming-3" name="com.DriveOn.userActivity" tests="1" failures="0" timestamp="8 Sep 2016 04:25:54 GMT" time="21.493" errors="0">
  <testcase name="TestScripts" time="21.493" classname="com.DriveOn.userActivity"/>
</testsuite> <!-- com.DriveOn.userActivity -->
